[2019-10-12T15:45:34.838] [INFO] reqLogger - 0.007 {"method":"GET","url":"/v2/index","host":"localhost:3000","userAgent":"Mozilla/5.0 (Windows NT 10.0; Win64; x64) AppleWebKit/537.36 (KHTML, like Gecko) Chrome/76.0.3809.100 Safari/537.36"}
[2019-10-12T16:02:16.467] [INFO] reqLogger - 0.009 {"method":"GET","url":"/v2/index","host":"localhost:3000","userAgent":"Mozilla/5.0 (Windows NT 10.0; Win64; x64) AppleWebKit/537.36 (KHTML, like Gecko) Chrome/76.0.3809.100 Safari/537.36"}
[2019-10-12T16:02:16.622] [INFO] reqLogger - 0.001 {"method":"GET","url":"/favicon.ico","host":"localhost:3000","referer":"http://localhost:3000/v2/index","userAgent":"Mozilla/5.0 (Windows NT 10.0; Win64; x64) AppleWebKit/537.36 (KHTML, like Gecko) Chrome/76.0.3809.100 Safari/537.36"}
[2019-10-12T16:04:34.963] [INFO] reqLogger - 0.001 {"method":"GET","url":"/v2/index","host":"localhost:3000","userAgent":"Mozilla/5.0 (Windows NT 10.0; Win64; x64) AppleWebKit/537.36 (KHTML, like Gecko) Chrome/76.0.3809.100 Safari/537.36"}
[2019-10-12T16:04:42.582] [INFO] reqLogger - 0 {"method":"GET","url":"/v2/index","host":"localhost:3000","userAgent":"Mozilla/5.0 (Windows NT 10.0; Win64; x64) AppleWebKit/537.36 (KHTML, like Gecko) Chrome/76.0.3809.100 Safari/537.36"}
[2019-10-12T16:11:19.732] [INFO] reqLogger - 0.001 {"method":"GET","url":"/v2/index3","host":"localhost:3000","userAgent":"Mozilla/5.0 (Windows NT 10.0; Win64; x64) AppleWebKit/537.36 (KHTML, like Gecko) Chrome/76.0.3809.100 Safari/537.36"}
[2019-10-12T16:14:26.529] [INFO] reqLogger - 0.003 {"method":"GET","url":"/v2/index3","host":"localhost:3000","userAgent":"Mozilla/5.0 (Windows NT 10.0; Win64; x64) AppleWebKit/537.36 (KHTML, like Gecko) Chrome/76.0.3809.100 Safari/537.36"}
[2019-10-12T16:23:59.068] [INFO] reqLogger - 0.003 {"method":"GET","url":"/v2/index3","host":"localhost:3000","userAgent":"Mozilla/5.0 (Windows NT 10.0; Win64; x64) AppleWebKit/537.36 (KHTML, like Gecko) Chrome/76.0.3809.100 Safari/537.36"}
[2019-10-12T16:23:59.068] [INFO] reqLogger - 0.003 {"method":"GET","url":"/v2/index3","header":{"host":"localhost:3000","connection":"keep-alive","cache-control":"max-age=0","upgrade-insecure-requests":"1","user-agent":"Mozilla/5.0 (Windows NT 10.0; Win64; x64) AppleWebKit/537.36 (KHTML, like Gecko) Chrome/76.0.3809.100 Safari/537.36","sec-fetch-mode":"navigate","sec-fetch-user":"?1","accept":"text/html,application/xhtml+xml,application/xml;q=0.9,image/webp,image/apng,*/*;q=0.8,application/signed-exchange;v=b3","sec-fetch-site":"none","accept-encoding":"gzip, deflate, br","accept-language":"zh-CN,zh;q=0.9,en;q=0.8","cookie":"Hm_lvt_64ff8d68570f48f89039d85911dc7fe4=1569723547; Hm_lvt_c7d819b1f9845664f34c3b39e5836321=1569316459,1569744673,1570671235; Hm_lvt_b7cd84d9d0f5e40fe980fa993a96a0cb=1568796571,1568858462,1569744663,1570671978; ___rl__test__cookies=1570861095762; Hm_lpvt_c7d819b1f9845664f34c3b39e5836321=1570861826; Hm_lpvt_b7cd84d9d0f5e40fe980fa993a96a0cb=1570864937; io=Wv8ESjkAp2Hds81yAAAA"}}
[2019-10-12T16:26:21.995] [INFO] reqLogger - 0.008 --> request {"method":"GET","url":"/v2/index3","host":"localhost:3000","userAgent":"Mozilla/5.0 (Windows NT 10.0; Win64; x64) AppleWebKit/537.36 (KHTML, like Gecko) Chrome/76.0.3809.100 Safari/537.36"}
[2019-10-12T16:26:21.995] [INFO] reqLogger - 0.008 <-- response {"status":404,"message":"Not Found","header":{}}
[2019-10-12T16:26:41.088] [INFO] reqLogger - 0.002 --> request {"method":"GET","url":"/v2/index","host":"localhost:3000","userAgent":"Mozilla/5.0 (Windows NT 10.0; Win64; x64) AppleWebKit/537.36 (KHTML, like Gecko) Chrome/76.0.3809.100 Safari/537.36"}
[2019-10-12T16:26:41.088] [INFO] reqLogger - 0.002 <-- response {"status":404,"message":"Not Found","header":{}}
[2019-10-12T16:26:55.980] [INFO] reqLogger - 0.001 --> request {"method":"GET","url":"/v2/index","host":"localhost:3000","userAgent":"Mozilla/5.0 (Windows NT 10.0; Win64; x64) AppleWebKit/537.36 (KHTML, like Gecko) Chrome/76.0.3809.100 Safari/537.36"}
[2019-10-12T16:26:55.980] [INFO] reqLogger - 0.001 <-- response {"status":404,"message":"Not Found","header":{}}
[2019-10-12T16:28:50.626] [INFO] reqLogger - 0.004 --> request {"method":"GET","url":"/v2/index","host":"localhost:3000","userAgent":"Mozilla/5.0 (Windows NT 10.0; Win64; x64) AppleWebKit/537.36 (KHTML, like Gecko) Chrome/76.0.3809.100 Safari/537.36"}
[2019-10-12T16:28:50.627] [INFO] reqLogger - 0.004 <-- response {"status":200,"message":"OK","header":{"content-type":"application/json; charset=utf-8"}}
[2019-10-12T16:31:17.420] [INFO] reqLogger - 0.013 --> request {"method":"GET","url":"/v2/index","host":"localhost:3000","userAgent":"Mozilla/5.0 (Windows NT 10.0; Win64; x64) AppleWebKit/537.36 (KHTML, like Gecko) Chrome/76.0.3809.100 Safari/537.36"}
[2019-10-12T16:31:17.420] [INFO] reqLogger - 0.013 <-- response {"status":200,"message":"OK","header":{"content-type":"application/json; charset=utf-8"}}
[2019-10-12T16:31:17.420] [INFO] reqLogger - 0.013 <-- body {"code":200,"data":{"title":"index","tags":["index1","index2"],"article":"index index index index index index index index"},"msg":"success index"}
