[2019-10-16T19:27:26.197] [INFO] reqLogger - 0.011 --> request {"method":"GET","url":"/v2/index","host":"localhost:3000","userAgent":"Mozilla/5.0 (Windows NT 10.0; Win64; x64) AppleWebKit/537.36 (KHTML, like Gecko) Chrome/76.0.3809.100 Safari/537.36"}
[2019-10-16T19:27:26.198] [INFO] reqLogger - 0.011 <-- response {"status":200,"message":"OK","header":{"content-type":"application/json; charset=utf-8"}}
[2019-10-16T19:27:26.198] [INFO] reqLogger - 0.011 <-- body {"code":200,"data":{"title":"index","tags":["index1","index2"],"article":"index index index index index index index index"},"msg":"success index"}
[2019-10-16T19:27:26.319] [INFO] reqLogger - 0 --> request {"method":"GET","url":"/favicon.ico","host":"localhost:3000","referer":"http://localhost:3000/v2/index","userAgent":"Mozilla/5.0 (Windows NT 10.0; Win64; x64) AppleWebKit/537.36 (KHTML, like Gecko) Chrome/76.0.3809.100 Safari/537.36"}
[2019-10-16T19:27:26.320] [INFO] reqLogger - 0 <-- response {"status":404,"message":"Not Found","header":{}}
[2019-10-16T19:27:26.320] [INFO] reqLogger - 0 <-- body undefined
[2019-10-16T19:32:41.713] [INFO] reqLogger - 0.005 --> request {"method":"GET","url":"/v2/index","host":"localhost:3000","userAgent":"Mozilla/5.0 (Windows NT 10.0; Win64; x64) AppleWebKit/537.36 (KHTML, like Gecko) Chrome/76.0.3809.100 Safari/537.36"}
[2019-10-16T19:32:41.713] [INFO] reqLogger - 0.005 <-- response {"status":404,"message":"Not Found","header":{"content-type":"application/json; charset=utf-8","content-length":"44"}}
[2019-10-16T19:32:41.713] [INFO] reqLogger - 0.005 <-- body {"code":404,"msg":"404 not found","data":{}}
[2019-10-16T19:33:28.067] [INFO] reqLogger - 0.004 --> request {"method":"GET","url":"/v2/index","host":"localhost:3000","userAgent":"Mozilla/5.0 (Windows NT 10.0; Win64; x64) AppleWebKit/537.36 (KHTML, like Gecko) Chrome/76.0.3809.100 Safari/537.36"}
[2019-10-16T19:33:28.067] [INFO] reqLogger - 0.004 <-- response {"status":404,"message":"Not Found","header":{"content-type":"text/plain; charset=utf-8","content-length":"9"}}
[2019-10-16T19:33:28.067] [INFO] reqLogger - 0.004 <-- body undefined
[2019-10-16T19:34:18.135] [INFO] reqLogger - 0.009 --> request {"method":"GET","url":"/v2/index","host":"localhost:3000","userAgent":"Mozilla/5.0 (Windows NT 10.0; Win64; x64) AppleWebKit/537.36 (KHTML, like Gecko) Chrome/76.0.3809.100 Safari/537.36"}
[2019-10-16T19:34:18.135] [INFO] reqLogger - 0.009 <-- response {"status":404,"message":"Not Found","header":{"content-type":"application/json; charset=utf-8","content-length":"44"}}
[2019-10-16T19:34:18.135] [INFO] reqLogger - 0.009 <-- body {"code":404,"msg":"404 not found","data":{}}
[2019-10-16T19:34:48.492] [INFO] reqLogger - 0.005 --> request {"method":"GET","url":"/v2/index","host":"localhost:3000","userAgent":"Mozilla/5.0 (Windows NT 10.0; Win64; x64) AppleWebKit/537.36 (KHTML, like Gecko) Chrome/76.0.3809.100 Safari/537.36"}
[2019-10-16T19:34:48.492] [INFO] reqLogger - 0.005 <-- response {"status":404,"message":"Not Found","header":{"content-type":"application/json; charset=utf-8","content-length":"44"}}
[2019-10-16T19:34:48.492] [INFO] reqLogger - 0.005 <-- body {"code":404,"msg":"404 not found","data":{}}
[2019-10-16T19:36:11.768] [INFO] reqLogger - 0.005 --> request {"method":"GET","url":"/v2/index","host":"localhost:3000","userAgent":"Mozilla/5.0 (Windows NT 10.0; Win64; x64) AppleWebKit/537.36 (KHTML, like Gecko) Chrome/76.0.3809.100 Safari/537.36"}
[2019-10-16T19:36:11.769] [INFO] reqLogger - 0.005 <-- response {"status":404,"message":"Not Found","header":{"content-type":"application/json; charset=utf-8","content-length":"44"}}
[2019-10-16T19:36:11.769] [INFO] reqLogger - 0.005 <-- body {"code":404,"msg":"404 not found","data":{}}
[2019-10-16T19:39:42.158] [INFO] reqLogger - 0.007 --> request {"method":"GET","url":"/v2/index","host":"localhost:3000","userAgent":"Mozilla/5.0 (Windows NT 10.0; Win64; x64) AppleWebKit/537.36 (KHTML, like Gecko) Chrome/76.0.3809.100 Safari/537.36"}
[2019-10-16T19:39:42.158] [INFO] reqLogger - 0.007 <-- response {"status":404,"message":"Not Found","header":{"content-type":"application/json; charset=utf-8","content-length":"44"}}
[2019-10-16T19:39:42.158] [INFO] reqLogger - 0.007 <-- body {"code":404,"msg":"404 not found","data":{}}
[2019-10-16T19:40:23.068] [INFO] reqLogger - 0.006 --> request {"method":"GET","url":"/v2/index","host":"localhost:3000","userAgent":"Mozilla/5.0 (Windows NT 10.0; Win64; x64) AppleWebKit/537.36 (KHTML, like Gecko) Chrome/76.0.3809.100 Safari/537.36"}
[2019-10-16T19:40:23.069] [INFO] reqLogger - 0.006 <-- response {"status":404,"message":"Not Found","header":{"content-type":"application/json; charset=utf-8","content-length":"44"}}
[2019-10-16T19:40:23.069] [INFO] reqLogger - 0.006 <-- body {"code":404,"msg":"404 not found","data":{}}
[2019-10-16T19:40:30.026] [INFO] reqLogger - 0.001 --> request {"method":"GET","url":"/v2/index","host":"localhost:3000","userAgent":"Mozilla/5.0 (Windows NT 10.0; Win64; x64) AppleWebKit/537.36 (KHTML, like Gecko) Chrome/76.0.3809.100 Safari/537.36"}
[2019-10-16T19:40:30.026] [INFO] reqLogger - 0.001 <-- response {"status":404,"message":"Not Found","header":{"content-type":"application/json; charset=utf-8","content-length":"44"}}
[2019-10-16T19:40:30.026] [INFO] reqLogger - 0.001 <-- body {"code":404,"msg":"404 not found","data":{}}
[2019-10-16T19:41:00.981] [INFO] reqLogger - 0.012 --> request {"method":"GET","url":"/v2/index","host":"localhost:3000","userAgent":"Mozilla/5.0 (Windows NT 10.0; Win64; x64) AppleWebKit/537.36 (KHTML, like Gecko) Chrome/76.0.3809.100 Safari/537.36"}
[2019-10-16T19:41:00.981] [INFO] reqLogger - 0.012 <-- response {"status":200,"message":"OK","header":{"content-type":"application/json; charset=utf-8"}}
[2019-10-16T19:41:00.981] [INFO] reqLogger - 0.012 <-- body {"code":200,"data":{"title":"index","tags":["index1","index2"],"article":"index index index index index index index index"},"msg":"success index"}
[2019-10-16T19:41:45.210] [INFO] reqLogger - 0.004 --> request {"method":"GET","url":"/v2/index","host":"localhost:3000","userAgent":"Mozilla/5.0 (Windows NT 10.0; Win64; x64) AppleWebKit/537.36 (KHTML, like Gecko) Chrome/76.0.3809.100 Safari/537.36"}
[2019-10-16T19:41:45.211] [INFO] reqLogger - 0.004 <-- response {"status":200,"message":"OK","header":{"content-type":"application/json; charset=utf-8"}}
[2019-10-16T19:41:45.211] [INFO] reqLogger - 0.004 <-- body {"code":200,"data":{"title":"index","tags":["index1","index2"],"article":"index index index index index index index index"},"msg":"success index"}
[2019-10-16T19:45:02.469] [INFO] reqLogger - 0.005 --> request {"method":"GET","url":"/v2/index","host":"localhost:3000","userAgent":"Mozilla/5.0 (Windows NT 10.0; Win64; x64) AppleWebKit/537.36 (KHTML, like Gecko) Chrome/76.0.3809.100 Safari/537.36"}
[2019-10-16T19:45:02.469] [INFO] reqLogger - 0.005 <-- response {"status":200,"message":"OK","header":{"content-type":"application/json; charset=utf-8"}}
[2019-10-16T19:45:02.469] [INFO] reqLogger - 0.005 <-- body {"code":200,"data":{"title":"index","tags":["index1","index2"],"article":"index index index index index index index index"},"msg":"success index"}
[2019-10-16T19:45:36.148] [INFO] reqLogger - 0.007 --> request {"method":"GET","url":"/v2/index","host":"localhost:3000","userAgent":"Mozilla/5.0 (Windows NT 10.0; Win64; x64) AppleWebKit/537.36 (KHTML, like Gecko) Chrome/76.0.3809.100 Safari/537.36"}
[2019-10-16T19:45:36.148] [INFO] reqLogger - 0.007 <-- response {"status":200,"message":"OK","header":{"content-type":"application/json; charset=utf-8"}}
[2019-10-16T19:45:36.148] [INFO] reqLogger - 0.007 <-- body {"code":200,"data":{"title":"index","tags":["index1","index2"],"article":"index index index index index index index index"},"msg":"success index"}
